<?xml version="1.0" encoding="UTF-8"?>
<!-- Generated by org.testng.reporters.JUnitReportReporter -->
<testsuite hostname="DESKTOP-0CO46H2" failures="0" tests="2" name="TestNGPack.TestClassTestNG2" time="270.421" errors="0" timestamp="2023-01-26T14:47:35 EST" skipped="0">
  <testcase classname="TestNGPack.TestClassTestNG2" name="MulticityTravling4" time="24.451"/>
  <system-out/>
  <testcase classname="TestNGPack.TestClassTestNG2" name="AirIndiaExpress5" time="245.970"/>
  <system-out/>
</testsuite> <!-- TestNGPack.TestClassTestNG2 -->
